<?xml version="1.0" encoding="UTF-8"?>
<testsuite xmlns:xsi="http://www.w3.org/2001/XMLSchema-instance" xsi:noNamespaceSchemaLocation="https://maven.apache.org/surefire/maven-surefire-plugin/xsd/surefire-test-report.xsd" name="FootballApiTests.GetTests" time="4.911" tests="7" errors="0" skipped="0" failures="0">
  <properties>
[...]
</properties>
  <testcase name="extractResponseHeaders" classname="FootballApiTests.GetTests" time="1.502"/>
  <testcase name="getAllTeamData_DoCheckFirst" classname="FootballApiTests.GetTests" time="0.158"/>
  <testcase name="extractFirstTeamName" classname="FootballApiTests.GetTests" time="0.47"/>
  <testcase name="getAllCompetitionsOneSeason" classname="FootballApiTests.GetTests" time="2.338"/>
  <testcase name="extractAllTeamsName" classname="FootballApiTests.GetTests" time="0.171"/>
  <testcase name="checkTheFirstNameTeamByOneComp" classname="FootballApiTests.GetTests" time="0.131"/>
  <testcase name="checkTeamsCountByOneComp" classname="FootballApiTests.GetTests" time="0.137"/>
</testsuite>